<?xml version="1.0" encoding="UTF-8"?>
<testsuite name="logic.questionConfiguration.TestReaderQuestionConfiguration" tests="1" skipped="0" failures="0" errors="0" timestamp="2022-02-25T22:18:02" hostname="jaco" time="0.011">
  <properties/>
  <testcase name="testFilePaths()" classname="logic.questionConfiguration.TestReaderQuestionConfiguration" time="0.011"/>
  <system-out><![CDATA[config1.json
]]></system-out>
  <system-err><![CDATA[]]></system-err>
</testsuite>
