<?xml version="1.0" encoding="UTF-8"?>
<testsuite name="input.TestXMLParser" tests="1" skipped="0" failures="0" errors="0" timestamp="2022-02-19T20:40:42" hostname="jaco" time="0.009">
  <properties/>
  <testcase name="testReadFileXML()" classname="input.TestXMLParser" time="0.009"/>
  <system-out><![CDATA[]]></system-out>
  <system-err><![CDATA[]]></system-err>
</testsuite>
